{"D:\\TD_Saasplatform_BE_nodejs_FE_reactjs_FE_angularjs-\\backend\\src\\app.js":{"path":"D:\\TD_Saasplatform_BE_nodejs_FE_reactjs_FE_angularjs-\\backend\\src\\app.js","statementMap":{"0":{"start":{"line":2,"column":16},"end":{"line":2,"column":34}},"1":{"start":{"line":3,"column":12},"end":{"line":3,"column":21}},"2":{"start":{"line":4,"column":0},"end":{"line":4,"column":24}},"3":{"start":{"line":9,"column":0},"end":{"line":16,"column":3}},"4":{"start":{"line":10,"column":2},"end":{"line":15,"column":5}},"5":{"start":{"line":18,"column":0},"end":{"line":25,"column":3}},"6":{"start":{"line":19,"column":2},"end":{"line":24,"column":5}},"7":{"start":{"line":27,"column":0},"end":{"line":27,"column":61}},"8":{"start":{"line":27,"column":33},"end":{"line":27,"column":59}},"9":{"start":{"line":29,"column":0},"end":{"line":32,"column":1}},"10":{"start":{"line":30,"column":15},"end":{"line":30,"column":39}},"11":{"start":{"line":31,"column":2},"end":{"line":31,"column":83}},"12":{"start":{"line":31,"column":25},"end":{"line":31,"column":81}},"13":{"start":{"line":33,"column":0},"end":{"line":33,"column":21}}},"fnMap":{"0":{"name":"(anonymous_0)","decl":{"start":{"line":9,"column":34},"end":{"line":9,"column":35}},"loc":{"start":{"line":9,"column":48},"end":{"line":16,"column":1}},"line":9},"1":{"name":"(anonymous_1)","decl":{"start":{"line":18,"column":31},"end":{"line":18,"column":32}},"loc":{"start":{"line":18,"column":45},"end":{"line":25,"column":1}},"line":18},"2":{"name":"(anonymous_2)","decl":{"start":{"line":27,"column":19},"end":{"line":27,"column":20}},"loc":{"start":{"line":27,"column":33},"end":{"line":27,"column":59}},"line":27},"3":{"name":"(anonymous_3)","decl":{"start":{"line":31,"column":19},"end":{"line":31,"column":20}},"loc":{"start":{"line":31,"column":25},"end":{"line":31,"column":81}},"line":31}},"branchMap":{"0":{"loc":{"start":{"line":29,"column":0},"end":{"line":32,"column":1}},"type":"if","locations":[{"start":{"line":29,"column":0},"end":{"line":32,"column":1}},{"start":{},"end":{}}],"line":29},"1":{"loc":{"start":{"line":30,"column":15},"end":{"line":30,"column":39}},"type":"binary-expr","locations":[{"start":{"line":30,"column":15},"end":{"line":30,"column":31}},{"start":{"line":30,"column":35},"end":{"line":30,"column":39}}],"line":30}},"s":{"0":1,"1":1,"2":1,"3":1,"4":1,"5":1,"6":1,"7":1,"8":1,"9":1,"10":0,"11":0,"12":0,"13":1},"f":{"0":1,"1":1,"2":1,"3":0},"b":{"0":[0,1],"1":[0,0]},"_coverageSchema":"1a1c01bbd47fc00a2c39e90264f33305004495a9","hash":"e71987ab3374d6e2dbf81178eb86d57ff2bff4be","contentHash":"6081f5600cc6c802d826cb8da49615eaf7bf388e548b4a699f2152f1fe09c8ef"}}